--------------------------------------------------------------------------------
Release 14.7 Trace  (lin64)
Copyright (c) 1995-2013 Xilinx, Inc.  All rights reserved.

/opt/XilinxISE/14.7/ISE_DS/ISE/bin/lin64/unwrapped/trce -intstyle ise -v 3 -s 3
-n 3 -fastpaths -xml mips_uC.twx mips_uC.ncd -o mips_uC.twr mips_uC.pcf -ucf
pins.ucf

Design file:              mips_uC.ncd
Physical constraint file: mips_uC.pcf
Device,package,speed:     xc6slx16,csg324,C,-3 (PRODUCTION 1.23 2013-10-13)
Report level:             verbose report

Environment Variable      Effect 
--------------------      ------ 
NONE                      No environment variables were set
--------------------------------------------------------------------------------

INFO:Timing:2698 - No timing constraints found, doing default enumeration.
INFO:Timing:3412 - To improve timing, see the Timing Closure User Guide (UG612).
INFO:Timing:2752 - To get complete path coverage, use the unconstrained paths 
   option. All paths that are not constrained will be reported in the 
   unconstrained paths section(s) of the report.
INFO:Timing:3339 - The clock-to-out numbers in this timing report are based on 
   a 50 Ohm transmission line loading model.  For the details of this model, 
   and for more information on accounting for different loading conditions, 
   please see the device datasheet.



Data Sheet report:
-----------------
All values displayed in nanoseconds (ns)

Setup/Hold to clock clk
------------+------------+------------+------------+------------+------------------+--------+
            |Max Setup to|  Process   |Max Hold to |  Process   |                  | Clock  |
Source      | clk (edge) |   Corner   | clk (edge) |   Corner   |Internal Clock(s) | Phase  |
------------+------------+------------+------------+------------+------------------+--------+
port_io<0>  |    6.278(F)|      SLOW  |   -3.938(F)|      FAST  |sys_clk           |   0.000|
port_io<1>  |    6.121(F)|      SLOW  |   -3.799(F)|      FAST  |sys_clk           |   0.000|
port_io<2>  |    6.311(F)|      SLOW  |   -3.957(F)|      FAST  |sys_clk           |   0.000|
port_io<3>  |    4.239(F)|      SLOW  |   -2.557(F)|      FAST  |sys_clk           |   0.000|
port_io<4>  |    4.299(F)|      SLOW  |   -2.602(F)|      FAST  |sys_clk           |   0.000|
port_io<5>  |    4.751(F)|      SLOW  |   -2.936(F)|      FAST  |sys_clk           |   0.000|
port_io<6>  |    4.432(F)|      SLOW  |   -2.695(F)|      FAST  |sys_clk           |   0.000|
port_io<7>  |    4.185(F)|      SLOW  |   -2.565(F)|      FAST  |sys_clk           |   0.000|
port_io<8>  |    4.991(F)|      SLOW  |   -3.037(F)|      FAST  |sys_clk           |   0.000|
port_io<9>  |    4.942(F)|      SLOW  |   -2.921(F)|      FAST  |sys_clk           |   0.000|
port_io<10> |    4.863(F)|      SLOW  |   -2.901(F)|      FAST  |sys_clk           |   0.000|
port_io<11> |    3.761(F)|      SLOW  |   -2.219(F)|      FAST  |sys_clk           |   0.000|
port_io<12> |    4.013(F)|      SLOW  |   -2.379(F)|      FAST  |sys_clk           |   0.000|
port_io<13> |    4.045(F)|      SLOW  |   -2.476(F)|      FAST  |sys_clk           |   0.000|
port_io<14> |    4.323(F)|      SLOW  |   -2.619(F)|      FAST  |sys_clk           |   0.000|
port_io<15> |    4.330(F)|      SLOW  |   -2.575(F)|      FAST  |sys_clk           |   0.000|
rst         |    3.133(R)|      SLOW  |   -1.898(R)|      FAST  |sys_clk           |   0.000|
------------+------------+------------+------------+------------+------------------+--------+

Clock clk to Pad
------------+-----------------+------------+-----------------+------------+------------------+--------+
            |Max (slowest) clk|  Process   |Min (fastest) clk|  Process   |                  | Clock  |
Destination |  (edge) to PAD  |   Corner   |  (edge) to PAD  |   Corner   |Internal Clock(s) | Phase  |
------------+-----------------+------------+-----------------+------------+------------------+--------+
port_io<0>  |         9.979(F)|      SLOW  |         5.553(F)|      FAST  |sys_clk           |   0.000|
port_io<1>  |        10.547(F)|      SLOW  |         5.534(F)|      FAST  |sys_clk           |   0.000|
port_io<2>  |        10.043(F)|      SLOW  |         5.638(F)|      FAST  |sys_clk           |   0.000|
port_io<3>  |         8.527(F)|      SLOW  |         4.633(F)|      FAST  |sys_clk           |   0.000|
port_io<4>  |         8.178(F)|      SLOW  |         4.860(F)|      FAST  |sys_clk           |   0.000|
port_io<5>  |         8.266(F)|      SLOW  |         4.831(F)|      FAST  |sys_clk           |   0.000|
port_io<6>  |         8.451(F)|      SLOW  |         4.853(F)|      FAST  |sys_clk           |   0.000|
port_io<7>  |         8.244(F)|      SLOW  |         4.699(F)|      FAST  |sys_clk           |   0.000|
port_io<8>  |         8.019(F)|      SLOW  |         4.548(F)|      FAST  |sys_clk           |   0.000|
port_io<9>  |         8.479(F)|      SLOW  |         4.519(F)|      FAST  |sys_clk           |   0.000|
port_io<10> |         7.994(F)|      SLOW  |         4.687(F)|      FAST  |sys_clk           |   0.000|
port_io<11> |         7.693(F)|      SLOW  |         4.426(F)|      FAST  |sys_clk           |   0.000|
port_io<12> |         7.475(F)|      SLOW  |         4.269(F)|      FAST  |sys_clk           |   0.000|
port_io<13> |         7.901(F)|      SLOW  |         4.267(F)|      FAST  |sys_clk           |   0.000|
port_io<14> |         7.298(F)|      SLOW  |         4.389(F)|      FAST  |sys_clk           |   0.000|
port_io<15> |         7.821(F)|      SLOW  |         4.470(F)|      FAST  |sys_clk           |   0.000|
------------+-----------------+------------+-----------------+------------+------------------+--------+

Clock to Setup on destination clock clk
---------------+---------+---------+---------+---------+
               | Src:Rise| Src:Fall| Src:Rise| Src:Fall|
Source Clock   |Dest:Rise|Dest:Rise|Dest:Fall|Dest:Fall|
---------------+---------+---------+---------+---------+
clk            |   25.441|   10.389|   20.048|    9.476|
---------------+---------+---------+---------+---------+


Analysis completed Fri Apr 25 03:03:01 2025 
--------------------------------------------------------------------------------

Trace Settings:
-------------------------
Trace Settings 

Peak Memory Usage: 436 MB



