
main.elf:     file format elf32-tradlittlemips


Disassembly of section .text:

00400000 <entry_point>:
  400000:	3c1d1001 	lui	sp,0x1001
  400004:	27bd01fc 	addiu	sp,sp,508
  400008:	0c100004 	jal	400010 <main>

0040000c <loop>:
  40000c:	08100003 	j	40000c <loop>

00400010 <main>:
  400010:	3c021001 	lui	v0,0x1001
  400014:	27bdff38 	addiu	sp,sp,-200
  400018:	8c440000 	lw	a0,0(v0)
  40001c:	00000000 	nop
  400020:	18800009 	blez	a0,400048 <main+0x38>
  400024:	00000000 	nop
  400028:	3c031001 	lui	v1,0x1001
  40002c:	00001025 	move	v0,zero
  400030:	24630004 	addiu	v1,v1,4
  400034:	24420001 	addiu	v0,v0,1
  400038:	24630004 	addiu	v1,v1,4
  40003c:	ac62fffc 	sw	v0,-4(v1)
  400040:	1444fffc 	bne	v0,a0,400034 <main+0x24>
  400044:	00000000 	nop
  400048:	00001825 	move	v1,zero
  40004c:	24040032 	li	a0,50
  400050:	00601025 	move	v0,v1
  400054:	24630001 	addiu	v1,v1,1
  400058:	00021080 	sll	v0,v0,0x2
  40005c:	03a21021 	addu	v0,sp,v0
  400060:	ac430000 	sw	v1,0(v0)
  400064:	1464fffa 	bne	v1,a0,400050 <main+0x40>
  400068:	00000000 	nop
  40006c:	00001025 	move	v0,zero
  400070:	27bd00c8 	addiu	sp,sp,200
  400074:	03e00008 	jr	ra
  400078:	00000000 	nop

Disassembly of section .MIPS.abiflags:

00400080 <.MIPS.abiflags>:
  400080:	01200000 	0x1200000
  400084:	03000001 	movf	zero,t8,$fcc0
	...
  400090:	00000001 	movf	zero,zero,$fcc0
  400094:	00000000 	nop

Disassembly of section .data:

10010000 <size_g>:
10010000:	00000032 	tlt	zero,zero

Disassembly of section .bss:

10010004 <array_g>:
	...

Disassembly of section .reginfo:

00000000 <.reginfo>:
   0:	b0000000 	0xb0000000
	...

Disassembly of section .pdr:

00000000 <.pdr>:
   0:	00400000 	0x400000
	...
  20:	00400010 	0x400010
	...
  34:	000000c8 	0xc8
  38:	0000001d 	0x1d
  3c:	0000001f 	0x1f

Disassembly of section .gnu.attributes:

00000000 <.gnu.attributes>:
   0:	00000f41 	0xf41
   4:	756e6700 	jalx	5b99c00 <main+0x5799bf0>
   8:	00070100 	sll	zero,a3,0x4
   c:	03040000 	0x3040000

Disassembly of section .comment:

00000000 <.comment>:
   0:	3a434347 	xori	v1,s2,0x4347
   4:	6f432820 	0x6f432820
   8:	63736564 	0x63736564
   c:	20657061 	addi	a1,v1,28769
  10:	20554e47 	addi	s5,v0,20039
  14:	6c6f6f54 	0x6c6f6f54
  18:	30322073 	andi	s2,at,0x2073
  1c:	312e3432 	andi	t6,t1,0x3432
  20:	32302d30 	andi	s0,s1,0x2d30
  24:	726f6620 	0x726f6620
  28:	50494d20 	beql	v0,t1,134ac <entry_point-0x3ecb54>
  2c:	4d492053 	0x4d492053
  30:	61422047 	0x61422047
  34:	4d206572 	0x4d206572
  38:	6c617465 	0x6c617465
  3c:	31312029 	andi	s1,t1,0x2029
  40:	302e322e 	andi	t6,at,0x322e
	...
