
main.elf:     file format elf32-tradlittlemips


Disassembly of section .text:

00000000 <entry_point>:
   0:	3c1d0000 	lui	sp,0x0
   4:	27bd07fc 	addiu	sp,sp,2044
   8:	0c0000c5 	jal	314 <main>

0000000c <loop>:
   c:	08000003 	j	c <loop>

00000010 <strlen_>:
  10:	90820000 	lbu	v0,0(a0)
  14:	00000000 	nop
  18:	1040000a 	beqz	v0,44 <strlen_+0x34>
  1c:	00000000 	nop
  20:	00001025 	move	v0,zero
  24:	24420001 	addiu	v0,v0,1
  28:	00821821 	addu	v1,a0,v0
  2c:	90630000 	lbu	v1,0(v1)
  30:	00000000 	nop
  34:	1460fffb 	bnez	v1,24 <strlen_+0x14>
  38:	00000000 	nop
  3c:	03e00008 	jr	ra
  40:	00000000 	nop
  44:	00001025 	move	v0,zero
  48:	03e00008 	jr	ra
  4c:	00000000 	nop

00000050 <reverse>:
  50:	90860000 	lbu	a2,0(a0)
  54:	00000000 	nop
  58:	10c0001a 	beqz	a2,c4 <reverse+0x74>
  5c:	00000000 	nop
  60:	00001825 	move	v1,zero
  64:	00601025 	move	v0,v1
  68:	24630001 	addiu	v1,v1,1
  6c:	00832821 	addu	a1,a0,v1
  70:	90a50000 	lbu	a1,0(a1)
  74:	00000000 	nop
  78:	14a0fffa 	bnez	a1,64 <reverse+0x14>
  7c:	00000000 	nop
  80:	10400010 	beqz	v0,c4 <reverse+0x74>
  84:	00000000 	nop
  88:	00404025 	move	t0,v0
  8c:	00821821 	addu	v1,a0,v0
  90:	10000002 	b	9c <reverse+0x4c>
  94:	00000000 	nop
  98:	90860000 	lbu	a2,0(a0)
  9c:	90670000 	lbu	a3,0(v1)
  a0:	2442ffff 	addiu	v0,v0,-1
  a4:	01022823 	subu	a1,t0,v0
  a8:	2463ffff 	addiu	v1,v1,-1
  ac:	00a2282a 	slt	a1,a1,v0
  b0:	24840001 	addiu	a0,a0,1
  b4:	a087ffff 	sb	a3,-1(a0)
  b8:	a0660001 	sb	a2,1(v1)
  bc:	14a0fff6 	bnez	a1,98 <reverse+0x48>
  c0:	00000000 	nop
  c4:	03e00008 	jr	ra
  c8:	00000000 	nop

000000cc <abs_>:
  cc:	000417c3 	sra	v0,a0,0x1f
  d0:	00442026 	xor	a0,v0,a0
  d4:	00821023 	subu	v0,a0,v0
  d8:	03e00008 	jr	ra
  dc:	00000000 	nop

000000e0 <itoa_>:
  e0:	000417c3 	sra	v0,a0,0x1f
  e4:	3c0acccc 	lui	t2,0xcccc
  e8:	00443026 	xor	a2,v0,a0
  ec:	00a04025 	move	t0,a1
  f0:	00c23023 	subu	a2,a2,v0
  f4:	00a04825 	move	t1,a1
  f8:	00001025 	move	v0,zero
  fc:	354acccd 	ori	t2,t2,0xcccd
 100:	00ca0019 	multu	a2,t2
 104:	25290001 	addiu	t1,t1,1
 108:	00405825 	move	t3,v0
 10c:	24420001 	addiu	v0,v0,1
 110:	00003810 	mfhi	a3
 114:	000738c2 	srl	a3,a3,0x3
 118:	00071880 	sll	v1,a3,0x2
 11c:	00671821 	addu	v1,v1,a3
 120:	00031840 	sll	v1,v1,0x1
 124:	00c31823 	subu	v1,a2,v1
 128:	00e03025 	move	a2,a3
 12c:	24630030 	addiu	v1,v1,48
 130:	a123ffff 	sb	v1,-1(t1)
 134:	14e0fff2 	bnez	a3,100 <itoa_+0x20>
 138:	00000000 	nop
 13c:	04810005 	bgez	a0,154 <itoa_+0x74>
 140:	00000000 	nop
 144:	00a21021 	addu	v0,a1,v0
 148:	2403002d 	li	v1,45
 14c:	a0430000 	sb	v1,0(v0)
 150:	25620002 	addiu	v0,t3,2
 154:	00a21821 	addu	v1,a1,v0
 158:	a0600000 	sb	zero,0(v1)
 15c:	90a70000 	lbu	a3,0(a1)
 160:	00000000 	nop
 164:	10e00019 	beqz	a3,1cc <itoa_+0xec>
 168:	00000000 	nop
 16c:	00c01825 	move	v1,a2
 170:	24c60001 	addiu	a2,a2,1
 174:	00a62021 	addu	a0,a1,a2
 178:	90840000 	lbu	a0,0(a0)
 17c:	00000000 	nop
 180:	1480fffa 	bnez	a0,16c <itoa_+0x8c>
 184:	00000000 	nop
 188:	10600010 	beqz	v1,1cc <itoa_+0xec>
 18c:	00000000 	nop
 190:	00604825 	move	t1,v1
 194:	00a32821 	addu	a1,a1,v1
 198:	10000002 	b	1a4 <itoa_+0xc4>
 19c:	00000000 	nop
 1a0:	91070000 	lbu	a3,0(t0)
 1a4:	90a60000 	lbu	a2,0(a1)
 1a8:	2463ffff 	addiu	v1,v1,-1
 1ac:	01232023 	subu	a0,t1,v1
 1b0:	24a5ffff 	addiu	a1,a1,-1
 1b4:	0083202a 	slt	a0,a0,v1
 1b8:	25080001 	addiu	t0,t0,1
 1bc:	a106ffff 	sb	a2,-1(t0)
 1c0:	a0a70001 	sb	a3,1(a1)
 1c4:	1480fff6 	bnez	a0,1a0 <itoa_+0xc0>
 1c8:	00000000 	nop
 1cc:	03e00008 	jr	ra
 1d0:	00000000 	nop

000001d4 <IntegerToString>:
 1d4:	08000038 	j	e0 <itoa_>
 1d8:	00000000 	nop

000001dc <PrintChar>:
 1dc:	9002ff14 	lbu	v0,-236(zero)
 1e0:	00000000 	nop
 1e4:	304200ff 	andi	v0,v0,0xff
 1e8:	1040fffc 	beqz	v0,1dc <PrintChar>
 1ec:	00000000 	nop
 1f0:	a004ff10 	sb	a0,-240(zero)
 1f4:	03e00008 	jr	ra
 1f8:	00000000 	nop

000001fc <PrintString>:
 1fc:	90830000 	lbu	v1,0(a0)
 200:	00000000 	nop
 204:	1060000c 	beqz	v1,238 <PrintString+0x3c>
 208:	00000000 	nop
 20c:	9002ff14 	lbu	v0,-236(zero)
 210:	00000000 	nop
 214:	304200ff 	andi	v0,v0,0xff
 218:	1040fffc 	beqz	v0,20c <PrintString+0x10>
 21c:	00000000 	nop
 220:	a003ff10 	sb	v1,-240(zero)
 224:	24840001 	addiu	a0,a0,1
 228:	90830000 	lbu	v1,0(a0)
 22c:	00000000 	nop
 230:	1460fff6 	bnez	v1,20c <PrintString+0x10>
 234:	00000000 	nop
 238:	03e00008 	jr	ra
 23c:	00000000 	nop

00000240 <BubbleSort>:
 240:	00006825 	move	t5,zero
 244:	24020001 	li	v0,1
 248:	00004825 	move	t1,zero
 24c:	240e0001 	li	t6,1
 250:	28af0002 	slti	t7,a1,2
 254:	0045182a 	slt	v1,v0,a1
 258:	10600023 	beqz	v1,2e8 <BubbleSort+0xa8>
 25c:	00000000 	nop
 260:	00093080 	sll	a2,t1,0x2
 264:	00021880 	sll	v1,v0,0x2
 268:	25290001 	addiu	t1,t1,1
 26c:	00863021 	addu	a2,a0,a2
 270:	00831821 	addu	v1,a0,v1
 274:	01225823 	subu	t3,t1,v0
 278:	8cc70000 	lw	a3,0(a2)
 27c:	01624821 	addu	t1,t3,v0
 280:	8c6a0000 	lw	t2,0(v1)
 284:	24420001 	addiu	v0,v0,1
 288:	0045602a 	slt	t4,v0,a1
 28c:	00ea4026 	xor	t0,a3,t2
 290:	0147382a 	slt	a3,t2,a3
 294:	10e0ffef 	beqz	a3,254 <BubbleSort+0x14>
 298:	00000000 	nop
 29c:	acc80000 	sw	t0,0(a2)
 2a0:	24c60004 	addiu	a2,a2,4
 2a4:	8c670000 	lw	a3,0(v1)
 2a8:	24630004 	addiu	v1,v1,4
 2ac:	240d0001 	li	t5,1
 2b0:	01074026 	xor	t0,t0,a3
 2b4:	ac68fffc 	sw	t0,-4(v1)
 2b8:	8cc7fffc 	lw	a3,-4(a2)
 2bc:	00000000 	nop
 2c0:	00e83826 	xor	a3,a3,t0
 2c4:	acc7fffc 	sw	a3,-4(a2)
 2c8:	1580ffeb 	bnez	t4,278 <BubbleSort+0x38>
 2cc:	00000000 	nop
 2d0:	24020001 	li	v0,1
 2d4:	00006825 	move	t5,zero
 2d8:	0045182a 	slt	v1,v0,a1
 2dc:	00004825 	move	t1,zero
 2e0:	1460ffdf 	bnez	v1,260 <BubbleSort+0x20>
 2e4:	00000000 	nop
 2e8:	11ae0003 	beq	t5,t6,2f8 <BubbleSort+0xb8>
 2ec:	00000000 	nop
 2f0:	03e00008 	jr	ra
 2f4:	00000000 	nop
 2f8:	15e0fffd 	bnez	t7,2f0 <BubbleSort+0xb0>
 2fc:	00000000 	nop
 300:	24020001 	li	v0,1
 304:	00006825 	move	t5,zero
 308:	00004825 	move	t1,zero
 30c:	1000ffd4 	b	260 <BubbleSort+0x20>
 310:	00000000 	nop

00000314 <main>:
 314:	27bdffc0 	addiu	sp,sp,-64
 318:	24020021 	li	v0,33
 31c:	afa20010 	sw	v0,16(sp)
 320:	2402007b 	li	v0,123
 324:	afa20014 	sw	v0,20(sp)
 328:	24020015 	li	v0,21
 32c:	afa20018 	sw	v0,24(sp)
 330:	24020929 	li	v0,2345
 334:	3c030000 	lui	v1,0x0
 338:	afa2001c 	sw	v0,28(sp)
 33c:	24020005 	li	v0,5
 340:	afbf003c 	sw	ra,60(sp)
 344:	24630000 	addiu	v1,v1,0
 348:	24040041 	li	a0,65
 34c:	afa20020 	sw	v0,32(sp)
 350:	9002ff14 	lbu	v0,-236(zero)
 354:	00000000 	nop
 358:	304200ff 	andi	v0,v0,0xff
 35c:	1040fffc 	beqz	v0,350 <main+0x3c>
 360:	00000000 	nop
 364:	a004ff10 	sb	a0,-240(zero)
 368:	24630001 	addiu	v1,v1,1
 36c:	90640000 	lbu	a0,0(v1)
 370:	00000000 	nop
 374:	1480fff6 	bnez	a0,350 <main+0x3c>
 378:	00000000 	nop
 37c:	27b80010 	addiu	t8,sp,16
 380:	27b90024 	addiu	t9,sp,36
 384:	03006025 	move	t4,t8
 388:	240d0020 	li	t5,32
 38c:	8d840000 	lw	a0,0(t4)
 390:	03202825 	move	a1,t9
 394:	0c000038 	jal	e0 <itoa_>
 398:	00000000 	nop
 39c:	93a30024 	lbu	v1,36(sp)
 3a0:	00000000 	nop
 3a4:	1060000d 	beqz	v1,3dc <main+0xc8>
 3a8:	00000000 	nop
 3ac:	03202025 	move	a0,t9
 3b0:	9002ff14 	lbu	v0,-236(zero)
 3b4:	00000000 	nop
 3b8:	304200ff 	andi	v0,v0,0xff
 3bc:	1040fffc 	beqz	v0,3b0 <main+0x9c>
 3c0:	00000000 	nop
 3c4:	a003ff10 	sb	v1,-240(zero)
 3c8:	24840001 	addiu	a0,a0,1
 3cc:	90830000 	lbu	v1,0(a0)
 3d0:	00000000 	nop
 3d4:	1460fff6 	bnez	v1,3b0 <main+0x9c>
 3d8:	00000000 	nop
 3dc:	9002ff14 	lbu	v0,-236(zero)
 3e0:	00000000 	nop
 3e4:	304200ff 	andi	v0,v0,0xff
 3e8:	1040fffc 	beqz	v0,3dc <main+0xc8>
 3ec:	00000000 	nop
 3f0:	258c0004 	addiu	t4,t4,4
 3f4:	a00dff10 	sb	t5,-240(zero)
 3f8:	172cffe4 	bne	t9,t4,38c <main+0x78>
 3fc:	00000000 	nop
 400:	9002ff14 	lbu	v0,-236(zero)
 404:	00000000 	nop
 408:	304200ff 	andi	v0,v0,0xff
 40c:	1040fffc 	beqz	v0,400 <main+0xec>
 410:	00000000 	nop
 414:	2402000a 	li	v0,10
 418:	27a40010 	addiu	a0,sp,16
 41c:	24050005 	li	a1,5
 420:	a002ff10 	sb	v0,-240(zero)
 424:	0c000090 	jal	240 <BubbleSort>
 428:	00000000 	nop
 42c:	3c030000 	lui	v1,0x0
 430:	24630010 	addiu	v1,v1,16
 434:	24040041 	li	a0,65
 438:	9002ff14 	lbu	v0,-236(zero)
 43c:	00000000 	nop
 440:	304200ff 	andi	v0,v0,0xff
 444:	1040fffc 	beqz	v0,438 <main+0x124>
 448:	00000000 	nop
 44c:	a004ff10 	sb	a0,-240(zero)
 450:	24630001 	addiu	v1,v1,1
 454:	90640000 	lbu	a0,0(v1)
 458:	00000000 	nop
 45c:	1480fff6 	bnez	a0,438 <main+0x124>
 460:	00000000 	nop
 464:	240c0020 	li	t4,32
 468:	8f040000 	lw	a0,0(t8)
 46c:	03202825 	move	a1,t9
 470:	0c000038 	jal	e0 <itoa_>
 474:	00000000 	nop
 478:	93a30024 	lbu	v1,36(sp)
 47c:	00000000 	nop
 480:	1060000d 	beqz	v1,4b8 <main+0x1a4>
 484:	00000000 	nop
 488:	03202025 	move	a0,t9
 48c:	9002ff14 	lbu	v0,-236(zero)
 490:	00000000 	nop
 494:	304200ff 	andi	v0,v0,0xff
 498:	1040fffc 	beqz	v0,48c <main+0x178>
 49c:	00000000 	nop
 4a0:	a003ff10 	sb	v1,-240(zero)
 4a4:	24840001 	addiu	a0,a0,1
 4a8:	90830000 	lbu	v1,0(a0)
 4ac:	00000000 	nop
 4b0:	1460fff6 	bnez	v1,48c <main+0x178>
 4b4:	00000000 	nop
 4b8:	9002ff14 	lbu	v0,-236(zero)
 4bc:	00000000 	nop
 4c0:	304200ff 	andi	v0,v0,0xff
 4c4:	1040fffc 	beqz	v0,4b8 <main+0x1a4>
 4c8:	00000000 	nop
 4cc:	27180004 	addiu	t8,t8,4
 4d0:	a00cff10 	sb	t4,-240(zero)
 4d4:	1738ffe4 	bne	t9,t8,468 <main+0x154>
 4d8:	00000000 	nop
 4dc:	9002ff14 	lbu	v0,-236(zero)
 4e0:	00000000 	nop
 4e4:	304200ff 	andi	v0,v0,0xff
 4e8:	1040fffc 	beqz	v0,4dc <main+0x1c8>
 4ec:	00000000 	nop
 4f0:	2403000a 	li	v1,10
 4f4:	00001025 	move	v0,zero
 4f8:	a003ff10 	sb	v1,-240(zero)
 4fc:	8fbf003c 	lw	ra,60(sp)
 500:	27bd0040 	addiu	sp,sp,64
 504:	03e00008 	jr	ra
 508:	00000000 	nop

Disassembly of section .MIPS.abiflags:

00000510 <.MIPS.abiflags>:
 510:	01200000 	0x1200000
 514:	03000001 	movf	zero,t8,$fcc0
	...
 520:	00000001 	movf	zero,zero,$fcc0
 524:	00000000 	nop

Disassembly of section .data:

00000000 <_stack_ptr-0x7fc>:
   0:	61727241 	0x61727241
   4:	6e692079 	0x6e692079
   8:	61696369 	0x61696369
   c:	00203a6c 	0x203a6c
  10:	61727241 	0x61727241
  14:	69662079 	0x69662079
  18:	3a6c616e 	xori	t4,s3,0x616e
  1c:	00000020 	add	zero,zero,zero

Disassembly of section .reginfo:

00000000 <.reginfo>:
   0:	b0000000 	0xb0000000
	...

Disassembly of section .pdr:

00000000 <.pdr>:
	...
  20:	00000010 	mfhi	zero
	...
  38:	0000001d 	0x1d
  3c:	0000001f 	0x1f
  40:	00000050 	0x50
	...
  58:	0000001d 	0x1d
  5c:	0000001f 	0x1f
  60:	000000cc 	syscall	0x3
	...
  78:	0000001d 	0x1d
  7c:	0000001f 	0x1f
  80:	000000e0 	0xe0
	...
  98:	0000001d 	0x1d
  9c:	0000001f 	0x1f
  a0:	000001d4 	0x1d4
	...
  b8:	0000001d 	0x1d
  bc:	0000001f 	0x1f
  c0:	000001dc 	0x1dc
	...
  d8:	0000001d 	0x1d
  dc:	0000001f 	0x1f
  e0:	000001fc 	0x1fc
	...
  f8:	0000001d 	0x1d
  fc:	0000001f 	0x1f
 100:	00000240 	sll	zero,zero,0x9
	...
 118:	0000001d 	0x1d
 11c:	0000001f 	0x1f
 120:	00000314 	0x314
 124:	80000000 	lb	zero,0(zero)
 128:	fffffffc 	sdc3	$31,-4(ra)
	...
 134:	00000040 	ssnop
 138:	0000001d 	0x1d
 13c:	0000001f 	0x1f

Disassembly of section .gnu.attributes:

00000000 <.gnu.attributes>:
   0:	00000f41 	0xf41
   4:	756e6700 	jalx	5b99c00 <_stack_ptr+0x5b99404>
   8:	00070100 	sll	zero,a3,0x4
   c:	03040000 	0x3040000

Disassembly of section .comment:

00000000 <.comment>:
   0:	3a434347 	xori	v1,s2,0x4347
   4:	6f432820 	0x6f432820
   8:	63736564 	0x63736564
   c:	20657061 	addi	a1,v1,28769
  10:	20554e47 	addi	s5,v0,20039
  14:	6c6f6f54 	0x6c6f6f54
  18:	30322073 	andi	s2,at,0x2073
  1c:	312e3432 	andi	t6,t1,0x3432
  20:	33302d30 	andi	s0,t9,0x2d30
  24:	726f6620 	0x726f6620
  28:	50494d20 	beql	v0,t1,134ac <_stack_ptr+0x12cb0>
  2c:	4d492053 	0x4d492053
  30:	61422047 	0x61422047
  34:	4d206572 	0x4d206572
  38:	6c617465 	0x6c617465
  3c:	31312029 	andi	s1,t1,0x2029
  40:	302e322e 	andi	t6,at,0x322e
	...
